# JRE version: OpenJDK Runtime Environment Temurin-17.0.9+9 (17.0.9+9) (build 17.0.9+9)
# Java VM: OpenJDK 64-Bit Server VM Temurin-17.0.9+9 (17.0.9+9, mixed mode, sharing, tiered, compressed oops, compressed class ptrs, g1 gc, windows-amd64)
GC Precious Log:
 CPUs: 4 total, 4 available
 Memory: 16270M
 Large Page Support: Disabled
 NUMA Support: Disabled
 Compressed Oops: Enabled (Zero based)
 Heap Region Size: 2M
 Heap Min Capacity: 8M
 Heap Initial Capacity: 256M
 Heap Max Capacity: 4068M
 Pre-touch: Disabled
 Parallel Workers: 4
 Concurrent Workers: 1
 Concurrent Refinement Workers: 4
 Periodic GC: Disabled
Heap:
 garbage-first heap   total 112640K, used 57963K [0x0000000701c00000, 0x0000000800000000)
  region size 2048K, 2 young (4096K), 1 survivors (2048K)
 Metaspace       used 82681K, committed 83520K, reserved 1179648K
  class space    used 8926K, committed 9344K, reserved 1048576K
GC Heap History (20 events):
Event: 1494.544 GC heap before
{Heap before GC invocations=69 (full 0):
 garbage-first heap   total 112640K, used 96690K [0x0000000701c00000, 0x0000000800000000)
  region size 2048K, 20 young (40960K), 1 survivors (2048K)
 Metaspace       used 81733K, committed 82560K, reserved 1179648K
  class space    used 8910K, committed 9344K, reserved 1048576K
}
Event: 1494.546 GC heap after
{Heap after GC invocations=70 (full 0):
 garbage-first heap   total 112640K, used 57870K [0x0000000701c00000, 0x0000000800000000)
  region size 2048K, 1 young (2048K), 1 survivors (2048K)
 Metaspace       used 81733K, committed 82560K, reserved 1179648K
  class space    used 8910K, committed 9344K, reserved 1048576K
}
Event: 1567.306 GC heap before
{Heap before GC invocations=71 (full 0):
 garbage-first heap   total 112640K, used 96782K [0x0000000701c00000, 0x0000000800000000)
  region size 2048K, 20 young (40960K), 1 survivors (2048K)
 Metaspace       used 81821K, committed 82688K, reserved 1179648K
  class space    used 8913K, committed 9344K, reserved 1048576K
}
Event: 1567.308 GC heap after
{Heap after GC invocations=72 (full 0):
 garbage-first heap   total 112640K, used 57753K [0x0000000701c00000, 0x0000000800000000)
  region size 2048K, 1 young (2048K), 1 survivors (2048K)
 Metaspace       used 81821K, committed 82688K, reserved 1179648K
  class space    used 8913K, committed 9344K, reserved 1048576K
}
Event: 1639.669 GC heap before
{Heap before GC invocations=72 (full 0):
 garbage-first heap   total 112640K, used 94617K [0x0000000701c00000, 0x0000000800000000)
  region size 2048K, 20 young (40960K), 1 survivors (2048K)
 Metaspace       used 81944K, committed 82752K, reserved 1179648K
  class space    used 8913K, committed 9344K, reserved 1048576K
}
Event: 1639.671 GC heap after
{Heap after GC invocations=73 (full 0):
 garbage-first heap   total 112640K, used 57440K [0x0000000701c00000, 0x0000000800000000)
  region size 2048K, 1 young (2048K), 1 survivors (2048K)
 Metaspace       used 81944K, committed 82752K, reserved 1179648K
  class space    used 8913K, committed 9344K, reserved 1048576K
}
Event: 1908.851 GC heap before
{Heap before GC invocations=74 (full 0):
 garbage-first heap   total 112640K, used 96352K [0x0000000701c00000, 0x0000000800000000)
  region size 2048K, 20 young (40960K), 1 survivors (2048K)
 Metaspace       used 82014K, committed 82816K, reserved 1179648K
  class space    used 8913K, committed 9344K, reserved 1048576K
}
Event: 1908.853 GC heap after
{Heap after GC invocations=75 (full 0):
 garbage-first heap   total 112640K, used 57203K [0x0000000701c00000, 0x0000000800000000)
  region size 2048K, 1 young (2048K), 1 survivors (2048K)
 Metaspace       used 82014K, committed 82816K, reserved 1179648K
  class space    used 8913K, committed 9344K, reserved 1048576K
}
Event: 2019.348 GC heap before
{Heap before GC invocations=75 (full 0):
 garbage-first heap   total 112640K, used 96115K [0x0000000701c00000, 0x0000000800000000)
  region size 2048K, 20 young (40960K), 1 survivors (2048K)
 Metaspace       used 82146K, committed 83008K, reserved 1179648K
  class space    used 8913K, committed 9344K, reserved 1048576K
}
Event: 2019.350 GC heap after
{Heap after GC invocations=76 (full 0):
 garbage-first heap   total 112640K, used 57853K [0x0000000701c00000, 0x0000000800000000)
  region size 2048K, 1 young (2048K), 1 survivors (2048K)
 Metaspace       used 82146K, committed 83008K, reserved 1179648K
  class space    used 8913K, committed 9344K, reserved 1048576K
}
Event: 2023.290 GC heap before
{Heap before GC invocations=77 (full 0):
 garbage-first heap   total 112640K, used 96765K [0x0000000701c00000, 0x0000000800000000)
  region size 2048K, 20 young (40960K), 1 survivors (2048K)
 Metaspace       used 82238K, committed 83072K, reserved 1179648K
  class space    used 8914K, committed 9344K, reserved 1048576K
}
Event: 2023.292 GC heap after
{Heap after GC invocations=78 (full 0):
 garbage-first heap   total 112640K, used 57819K [0x0000000701c00000, 0x0000000800000000)
  region size 2048K, 1 young (2048K), 1 survivors (2048K)
 Metaspace       used 82238K, committed 83072K, reserved 1179648K
  class space    used 8914K, committed 9344K, reserved 1048576K
}
Event: 2062.003 GC heap before
{Heap before GC invocations=78 (full 0):
 garbage-first heap   total 112640K, used 96731K [0x0000000701c00000, 0x0000000800000000)
  region size 2048K, 20 young (40960K), 1 survivors (2048K)
 Metaspace       used 82270K, committed 83072K, reserved 1179648K
  class space    used 8914K, committed 9344K, reserved 1048576K
}
Event: 2062.005 GC heap after
{Heap after GC invocations=79 (full 0):
 garbage-first heap   total 112640K, used 57950K [0x0000000701c00000, 0x0000000800000000)
  region size 2048K, 1 young (2048K), 1 survivors (2048K)
 Metaspace       used 82270K, committed 83072K, reserved 1179648K
  class space    used 8914K, committed 9344K, reserved 1048576K
}
Event: 2073.052 GC heap before
{Heap before GC invocations=80 (full 0):
 garbage-first heap   total 112640K, used 96862K [0x0000000701c00000, 0x0000000800000000)
  region size 2048K, 20 young (40960K), 1 survivors (2048K)
 Metaspace       used 82424K, committed 83200K, reserved 1179648K
  class space    used 8914K, committed 9344K, reserved 1048576K
}
Event: 2073.054 GC heap after
{Heap after GC invocations=81 (full 0):
 garbage-first heap   total 112640K, used 57886K [0x0000000701c00000, 0x0000000800000000)
  region size 2048K, 1 young (2048K), 1 survivors (2048K)
 Metaspace       used 82424K, committed 83200K, reserved 1179648K
  class space    used 8914K, committed 9344K, reserved 1048576K
}
Event: 2143.997 GC heap before
{Heap before GC invocations=81 (full 0):
 garbage-first heap   total 112640K, used 96798K [0x0000000701c00000, 0x0000000800000000)
  region size 2048K, 20 young (40960K), 1 survivors (2048K)
 Metaspace       used 82502K, committed 83328K, reserved 1179648K
  class space    used 8914K, committed 9344K, reserved 1048576K
}
Event: 2143.999 GC heap after
{Heap after GC invocations=82 (full 0):
 garbage-first heap   total 112640K, used 57981K [0x0000000701c00000, 0x0000000800000000)
  region size 2048K, 1 young (2048K), 1 survivors (2048K)
 Metaspace       used 82502K, committed 83328K, reserved 1179648K
  class space    used 8914K, committed 9344K, reserved 1048576K
}
Event: 2180.045 GC heap before
{Heap before GC invocations=83 (full 0):
 garbage-first heap   total 112640K, used 92797K [0x0000000701c00000, 0x0000000800000000)
  region size 2048K, 19 young (38912K), 1 survivors (2048K)
 Metaspace       used 82564K, committed 83392K, reserved 1179648K
  class space    used 8914K, committed 9344K, reserved 1048576K
}
Event: 2180.047 GC heap after
{Heap after GC invocations=84 (full 0):
 garbage-first heap   total 112640K, used 57988K [0x0000000701c00000, 0x0000000800000000)
  region size 2048K, 1 young (2048K), 1 survivors (2048K)
 Metaspace       used 82564K, committed 83392K, reserved 1179648K
  class space    used 8914K, committed 9344K, reserved 1048576K
}

